[debug] [2020-11-29T06:13:04.655Z] ----------------------------------------------------------------------
[debug] [2020-11-29T06:13:04.659Z] Command:       C:\Program Files\nodejs\node.exe C:\Users\USER\AppData\Roaming\npm\node_modules\firebase-tools\lib\bin\firebase.js emulators:start
[debug] [2020-11-29T06:13:04.659Z] CLI Version:   8.10.0
[debug] [2020-11-29T06:13:04.660Z] Platform:      win32
[debug] [2020-11-29T06:13:04.660Z] Node Version:  v12.18.1
[debug] [2020-11-29T06:13:04.662Z] Time:          Sun Nov 29 2020 11:43:04 GMT+0530 (India Standard Time)
[debug] [2020-11-29T06:13:04.662Z] ----------------------------------------------------------------------
[debug] [2020-11-29T06:13:04.662Z] 
[debug] [2020-11-29T06:13:04.674Z] > command requires scopes: ["email","openid","https://www.googleapis.com/auth/cloudplatformprojects.readonly","https://www.googleapis.com/auth/firebase","https://www.googleapis.com/auth/cloud-platform"]
[debug] [2020-11-29T06:13:04.674Z] > authorizing via signed-in user
[info] i  emulators: Starting emulators: functions {"metadata":{"emulator":{"name":"hub"},"message":"Starting emulators: functions"}}
[warn] !  emulators: It seems that you are running multiple instances of the emulator suite for project clone-4f1ea. This may result in unexpected behavior. 
[debug] [2020-11-29T06:13:06.701Z] [hub] writing locator at C:\Users\USER\AppData\Local\Temp\hub-clone-4f1ea.json
[warn] !  functions: The following emulators are not running, calls to these services from the Functions emulator will affect production: firestore, database, hosting, pubsub {"metadata":{"emulator":{"name":"functions"},"message":"The following emulators are not running, calls to these services from the Functions emulator will affect production: \u001b[1mfirestore, database, hosting, pubsub\u001b[22m"}}
[info] +  functions: Using node@12 from host. {"metadata":{"emulator":{"name":"functions"},"message":"Using node@12 from host."}}
[debug] [2020-11-29T06:13:08.750Z] defaultcredentials: writing to file C:\Users\USER\AppData\Roaming\firebase\alam19231_gmail_com_application_default_credentials.json
[debug] [2020-11-29T06:13:08.755Z] Setting GAC to C:\Users\USER\AppData\Roaming\firebase\alam19231_gmail_com_application_default_credentials.json {"metadata":{"emulator":{"name":"functions"},"message":"Setting GAC to C:\\Users\\USER\\AppData\\Roaming\\firebase\\alam19231_gmail_com_application_default_credentials.json"}}
[warn] !  ui: Emulator UI unable to start on port 4000, starting on 4001 instead. {"metadata":{"emulator":{"name":"ui"},"message":"Emulator UI unable to start on port 4000, starting on 4001 instead."}}
[debug] [2020-11-29T06:13:10.801Z] Ignoring unsupported arg: auto_download {"metadata":{"emulator":{"name":"ui"},"message":"Ignoring unsupported arg: auto_download"}}
[debug] [2020-11-29T06:13:10.801Z] Ignoring unsupported arg: port {"metadata":{"emulator":{"name":"ui"},"message":"Ignoring unsupported arg: port"}}
[debug] [2020-11-29T06:13:10.801Z] Starting Emulator UI with command {"binary":"node","args":["C:\\Users\\USER\\.cache\\firebase\\emulators\\ui-v1.1.1\\server.bundle.js"],"optionalArgs":[],"joinArgs":false} {"metadata":{"emulator":{"name":"ui"},"message":"Starting Emulator UI with command {\"binary\":\"node\",\"args\":[\"C:\\\\Users\\\\USER\\\\.cache\\\\firebase\\\\emulators\\\\ui-v1.1.1\\\\server.bundle.js\"],\"optionalArgs\":[],\"joinArgs\":false}"}}
[info] i  ui: Emulator UI logging to ui-debug.log {"metadata":{"emulator":{"name":"ui"},"message":"Emulator UI logging to \u001b[1mui-debug.log\u001b[22m"}}
[debug] [2020-11-29T06:13:10.938Z] Web / API server started at http://localhost:4001
 {"metadata":{"emulator":{"name":"ui"},"message":"Web / API server started at http://localhost:4001\n"}}
[info] i  functions: Watching "D:\React\amazon-clone\functions" for Cloud Functions... {"metadata":{"emulator":{"name":"functions"},"message":"Watching \"D:\\React\\amazon-clone\\functions\" for Cloud Functions..."}}
[debug] [2020-11-29T06:13:11.339Z] [worker-pool] addWorker(~diagnostic~) {"metadata":{"emulator":{"name":"functions"},"message":"[worker-pool] addWorker(~diagnostic~)"}}
[debug] [2020-11-29T06:13:11.340Z] [worker-pool] Adding worker with key ~diagnostic~, total=1 {"metadata":{"emulator":{"name":"functions"},"message":"[worker-pool] Adding worker with key ~diagnostic~, total=1"}}
[debug] [2020-11-29T06:13:11.340Z] [worker-pool] submitWork(triggerId=) {"metadata":{"emulator":{"name":"functions"},"message":"[worker-pool] submitWork(triggerId=)"}}
[debug] [2020-11-29T06:13:11.341Z] [worker-~diagnostic~-2aae7034-b9eb-45a1-b186-6d6f7c78cfec]: Assigning socketPath: \\?\pipe\D:\React\amazon-clone\functions\14784 {"metadata":{"emulator":{"name":"functions"},"message":"[worker-~diagnostic~-2aae7034-b9eb-45a1-b186-6d6f7c78cfec]: Assigning socketPath: \\\\?\\pipe\\D:\\React\\amazon-clone\\functions\\14784"}}
[debug] [2020-11-29T06:13:11.341Z] [worker-~diagnostic~-2aae7034-b9eb-45a1-b186-6d6f7c78cfec]: BUSY {"metadata":{"emulator":{"name":"functions"},"message":"[worker-~diagnostic~-2aae7034-b9eb-45a1-b186-6d6f7c78cfec]: BUSY"}}
[debug] [2020-11-29T06:13:11.768Z] [runtime-status] [14784] Functions runtime initialized. {"cwd":"D:\\React\\amazon-clone\\functions","node_version":"12.18.1"} {"metadata":{"emulator":{"name":"functions"},"message":"[runtime-status] [14784] Functions runtime initialized. {\"cwd\":\"D:\\\\React\\\\amazon-clone\\\\functions\",\"node_version\":\"12.18.1\"}"}}
[debug] [2020-11-29T06:13:11.768Z] [runtime-status] [14784] Disabled runtime features: undefined {"metadata":{"emulator":{"name":"functions"},"message":"[runtime-status] [14784] Disabled runtime features: undefined"}}
[debug] [2020-11-29T06:13:11.772Z] [runtime-status] [14784] Resolved module firebase-admin {"declared":true,"installed":true,"version":"8.13.0","resolution":"D:\\React\\amazon-clone\\functions\\node_modules\\firebase-admin\\lib\\index.js"} {"metadata":{"emulator":{"name":"functions"},"message":"[runtime-status] [14784] Resolved module firebase-admin {\"declared\":true,\"installed\":true,\"version\":\"8.13.0\",\"resolution\":\"D:\\\\React\\\\amazon-clone\\\\functions\\\\node_modules\\\\firebase-admin\\\\lib\\\\index.js\"}"}}
[debug] [2020-11-29T06:13:11.776Z] [runtime-status] [14784] Resolved module firebase-functions {"declared":true,"installed":true,"version":"3.11.0","resolution":"D:\\React\\amazon-clone\\functions\\node_modules\\firebase-functions\\lib\\index.js"} {"metadata":{"emulator":{"name":"functions"},"message":"[runtime-status] [14784] Resolved module firebase-functions {\"declared\":true,\"installed\":true,\"version\":\"3.11.0\",\"resolution\":\"D:\\\\React\\\\amazon-clone\\\\functions\\\\node_modules\\\\firebase-functions\\\\lib\\\\index.js\"}"}}
[debug] [2020-11-29T06:13:11.778Z] [runtime-status] [14784] Resolved module firebase-functions {"declared":true,"installed":true,"version":"3.11.0","resolution":"D:\\React\\amazon-clone\\functions\\node_modules\\firebase-functions\\lib\\index.js"} {"metadata":{"emulator":{"name":"functions"},"message":"[runtime-status] [14784] Resolved module firebase-functions {\"declared\":true,\"installed\":true,\"version\":\"3.11.0\",\"resolution\":\"D:\\\\React\\\\amazon-clone\\\\functions\\\\node_modules\\\\firebase-functions\\\\lib\\\\index.js\"}"}}
[debug] [2020-11-29T06:13:11.780Z] [runtime-status] [14784] Outgoing network have been stubbed. [{"name":"http","status":"mocked"},{"name":"http","status":"mocked"},{"name":"https","status":"mocked"},{"name":"https","status":"mocked"},{"name":"net","status":"mocked"}] {"metadata":{"emulator":{"name":"functions"},"message":"[runtime-status] [14784] Outgoing network have been stubbed. [{\"name\":\"http\",\"status\":\"mocked\"},{\"name\":\"http\",\"status\":\"mocked\"},{\"name\":\"https\",\"status\":\"mocked\"},{\"name\":\"https\",\"status\":\"mocked\"},{\"name\":\"net\",\"status\":\"mocked\"}]"}}
[debug] [2020-11-29T06:13:11.780Z] [runtime-status] [14784] Resolved module firebase-functions {"declared":true,"installed":true,"version":"3.11.0","resolution":"D:\\React\\amazon-clone\\functions\\node_modules\\firebase-functions\\lib\\index.js"} {"metadata":{"emulator":{"name":"functions"},"message":"[runtime-status] [14784] Resolved module firebase-functions {\"declared\":true,\"installed\":true,\"version\":\"3.11.0\",\"resolution\":\"D:\\\\React\\\\amazon-clone\\\\functions\\\\node_modules\\\\firebase-functions\\\\lib\\\\index.js\"}"}}
[debug] [2020-11-29T06:13:11.816Z] [runtime-status] [14784] Checked functions.config() {"config":{}} {"metadata":{"emulator":{"name":"functions"},"message":"[runtime-status] [14784] Checked functions.config() {\"config\":{}}"}}
[debug] [2020-11-29T06:13:11.816Z] [runtime-status] [14784] firebase-functions has been stubbed. {"functionsResolution":{"declared":true,"installed":true,"version":"3.11.0","resolution":"D:\\React\\amazon-clone\\functions\\node_modules\\firebase-functions\\lib\\index.js"}} {"metadata":{"emulator":{"name":"functions"},"message":"[runtime-status] [14784] firebase-functions has been stubbed. {\"functionsResolution\":{\"declared\":true,\"installed\":true,\"version\":\"3.11.0\",\"resolution\":\"D:\\\\React\\\\amazon-clone\\\\functions\\\\node_modules\\\\firebase-functions\\\\lib\\\\index.js\"}}"}}
[debug] [2020-11-29T06:13:11.817Z] [runtime-status] [14784] Resolved module firebase-functions {"declared":true,"installed":true,"version":"3.11.0","resolution":"D:\\React\\amazon-clone\\functions\\node_modules\\firebase-functions\\lib\\index.js"} {"metadata":{"emulator":{"name":"functions"},"message":"[runtime-status] [14784] Resolved module firebase-functions {\"declared\":true,\"installed\":true,\"version\":\"3.11.0\",\"resolution\":\"D:\\\\React\\\\amazon-clone\\\\functions\\\\node_modules\\\\firebase-functions\\\\lib\\\\index.js\"}"}}
[debug] [2020-11-29T06:13:11.818Z] [runtime-status] [14784] Resolved module firebase-admin {"declared":true,"installed":true,"version":"8.13.0","resolution":"D:\\React\\amazon-clone\\functions\\node_modules\\firebase-admin\\lib\\index.js"} {"metadata":{"emulator":{"name":"functions"},"message":"[runtime-status] [14784] Resolved module firebase-admin {\"declared\":true,\"installed\":true,\"version\":\"8.13.0\",\"resolution\":\"D:\\\\React\\\\amazon-clone\\\\functions\\\\node_modules\\\\firebase-admin\\\\lib\\\\index.js\"}"}}
[debug] [2020-11-29T06:13:11.819Z] [runtime-status] [14784] Resolved module firebase-functions {"declared":true,"installed":true,"version":"3.11.0","resolution":"D:\\React\\amazon-clone\\functions\\node_modules\\firebase-functions\\lib\\index.js"} {"metadata":{"emulator":{"name":"functions"},"message":"[runtime-status] [14784] Resolved module firebase-functions {\"declared\":true,\"installed\":true,\"version\":\"3.11.0\",\"resolution\":\"D:\\\\React\\\\amazon-clone\\\\functions\\\\node_modules\\\\firebase-functions\\\\lib\\\\index.js\"}"}}
[debug] [2020-11-29T06:13:11.819Z] [runtime-status] [14784] firebase-admin has been stubbed. {"adminResolution":{"declared":true,"installed":true,"version":"8.13.0","resolution":"D:\\React\\amazon-clone\\functions\\node_modules\\firebase-admin\\lib\\index.js"}} {"metadata":{"emulator":{"name":"functions"},"message":"[runtime-status] [14784] firebase-admin has been stubbed. {\"adminResolution\":{\"declared\":true,\"installed\":true,\"version\":\"8.13.0\",\"resolution\":\"D:\\\\React\\\\amazon-clone\\\\functions\\\\node_modules\\\\firebase-admin\\\\lib\\\\index.js\"}}"}}
[info] +  functions[api]: http function initialized (http://localhost:5001/clone-4f1ea/us-central1/api). {"metadata":{"emulator":{"name":"functions"},"message":"\u001b[1mhttp\u001b[22m function initialized (http://localhost:5001/clone-4f1ea/us-central1/api)."}}
[info] 
┌───────────────────────────────────────────────────────────────────────┐
│ ✔  All emulators ready! View status and logs at http://localhost:4001 │
└───────────────────────────────────────────────────────────────────────┘

┌───────────┬────────────────┬─────────────────────────────────┐
│ Emulator  │ Host:Port      │ View in Emulator UI             │
├───────────┼────────────────┼─────────────────────────────────┤
│ Functions │ localhost:5001 │ http://localhost:4001/functions │
└───────────┴────────────────┴─────────────────────────────────┘
  Other reserved ports: 4400, 4500

Issues? Report them at https://github.com/firebase/firebase-tools/issues and attach the *-debug.log files.
 
[debug] [2020-11-29T06:13:11.956Z] [worker-~diagnostic~-2aae7034-b9eb-45a1-b186-6d6f7c78cfec]: IDLE {"metadata":{"emulator":{"name":"functions"},"message":"[worker-~diagnostic~-2aae7034-b9eb-45a1-b186-6d6f7c78cfec]: IDLE"}}
[debug] [2020-11-29T06:13:43.558Z] [work-queue] {"queueLength":1,"workRunningCount":0}
[debug] [2020-11-29T06:13:43.559Z] [work-queue] {"queueLength":0,"workRunningCount":1}
[debug] [2020-11-29T06:13:43.560Z] Accepted request GET /clone-4f1ea/us-central1/api --> api
[debug] [2020-11-29T06:13:43.574Z] [worker-pool] addWorker(api) {"metadata":{"emulator":{"name":"functions"},"message":"[worker-pool] addWorker(api)"}}
[debug] [2020-11-29T06:13:43.575Z] [worker-pool] Adding worker with key api, total=1 {"metadata":{"emulator":{"name":"functions"},"message":"[worker-pool] Adding worker with key api, total=1"}}
[debug] [2020-11-29T06:13:43.576Z] [worker-pool] submitWork(triggerId=api) {"metadata":{"emulator":{"name":"functions"},"message":"[worker-pool] submitWork(triggerId=api)"}}
[debug] [2020-11-29T06:13:43.576Z] [worker-api-c83981b8-9feb-4bec-999d-a6e22385c47b]: Assigning socketPath: \\?\pipe\D:\React\amazon-clone\functions\29612 {"metadata":{"emulator":{"name":"functions"},"message":"[worker-api-c83981b8-9feb-4bec-999d-a6e22385c47b]: Assigning socketPath: \\\\?\\pipe\\D:\\React\\amazon-clone\\functions\\29612"}}
[debug] [2020-11-29T06:13:43.576Z] [worker-api-c83981b8-9feb-4bec-999d-a6e22385c47b]: BUSY {"metadata":{"emulator":{"name":"functions"},"message":"[worker-api-c83981b8-9feb-4bec-999d-a6e22385c47b]: BUSY"}}
[debug] [2020-11-29T06:13:44.483Z] [runtime-status] [29612] Functions runtime initialized. {"cwd":"D:\\React\\amazon-clone\\functions","node_version":"12.18.1"} {"metadata":{"emulator":{"name":"functions"},"function":{"name":"api"},"message":"[runtime-status] [29612] Functions runtime initialized. {\"cwd\":\"D:\\\\React\\\\amazon-clone\\\\functions\",\"node_version\":\"12.18.1\"}"}}
[debug] [2020-11-29T06:13:44.492Z] [runtime-status] [29612] Disabled runtime features: undefined {"metadata":{"emulator":{"name":"functions"},"function":{"name":"api"},"message":"[runtime-status] [29612] Disabled runtime features: undefined"}}
[debug] [2020-11-29T06:13:44.501Z] [runtime-status] [29612] Resolved module firebase-admin {"declared":true,"installed":true,"version":"8.13.0","resolution":"D:\\React\\amazon-clone\\functions\\node_modules\\firebase-admin\\lib\\index.js"} {"metadata":{"emulator":{"name":"functions"},"function":{"name":"api"},"message":"[runtime-status] [29612] Resolved module firebase-admin {\"declared\":true,\"installed\":true,\"version\":\"8.13.0\",\"resolution\":\"D:\\\\React\\\\amazon-clone\\\\functions\\\\node_modules\\\\firebase-admin\\\\lib\\\\index.js\"}"}}
[debug] [2020-11-29T06:13:44.508Z] [runtime-status] [29612] Resolved module firebase-functions {"declared":true,"installed":true,"version":"3.11.0","resolution":"D:\\React\\amazon-clone\\functions\\node_modules\\firebase-functions\\lib\\index.js"} {"metadata":{"emulator":{"name":"functions"},"function":{"name":"api"},"message":"[runtime-status] [29612] Resolved module firebase-functions {\"declared\":true,\"installed\":true,\"version\":\"3.11.0\",\"resolution\":\"D:\\\\React\\\\amazon-clone\\\\functions\\\\node_modules\\\\firebase-functions\\\\lib\\\\index.js\"}"}}
[debug] [2020-11-29T06:13:44.511Z] [runtime-status] [29612] Resolved module firebase-functions {"declared":true,"installed":true,"version":"3.11.0","resolution":"D:\\React\\amazon-clone\\functions\\node_modules\\firebase-functions\\lib\\index.js"} {"metadata":{"emulator":{"name":"functions"},"function":{"name":"api"},"message":"[runtime-status] [29612] Resolved module firebase-functions {\"declared\":true,\"installed\":true,\"version\":\"3.11.0\",\"resolution\":\"D:\\\\React\\\\amazon-clone\\\\functions\\\\node_modules\\\\firebase-functions\\\\lib\\\\index.js\"}"}}
[debug] [2020-11-29T06:13:44.515Z] [runtime-status] [29612] Outgoing network have been stubbed. [{"name":"http","status":"mocked"},{"name":"http","status":"mocked"},{"name":"https","status":"mocked"},{"name":"https","status":"mocked"},{"name":"net","status":"mocked"}] {"metadata":{"emulator":{"name":"functions"},"function":{"name":"api"},"message":"[runtime-status] [29612] Outgoing network have been stubbed. [{\"name\":\"http\",\"status\":\"mocked\"},{\"name\":\"http\",\"status\":\"mocked\"},{\"name\":\"https\",\"status\":\"mocked\"},{\"name\":\"https\",\"status\":\"mocked\"},{\"name\":\"net\",\"status\":\"mocked\"}]"}}
[debug] [2020-11-29T06:13:44.516Z] [runtime-status] [29612] Resolved module firebase-functions {"declared":true,"installed":true,"version":"3.11.0","resolution":"D:\\React\\amazon-clone\\functions\\node_modules\\firebase-functions\\lib\\index.js"} {"metadata":{"emulator":{"name":"functions"},"function":{"name":"api"},"message":"[runtime-status] [29612] Resolved module firebase-functions {\"declared\":true,\"installed\":true,\"version\":\"3.11.0\",\"resolution\":\"D:\\\\React\\\\amazon-clone\\\\functions\\\\node_modules\\\\firebase-functions\\\\lib\\\\index.js\"}"}}
[debug] [2020-11-29T06:13:44.603Z] [runtime-status] [29612] Checked functions.config() {"config":{}} {"metadata":{"emulator":{"name":"functions"},"function":{"name":"api"},"message":"[runtime-status] [29612] Checked functions.config() {\"config\":{}}"}}
[debug] [2020-11-29T06:13:44.604Z] [runtime-status] [29612] firebase-functions has been stubbed. {"functionsResolution":{"declared":true,"installed":true,"version":"3.11.0","resolution":"D:\\React\\amazon-clone\\functions\\node_modules\\firebase-functions\\lib\\index.js"}} {"metadata":{"emulator":{"name":"functions"},"function":{"name":"api"},"message":"[runtime-status] [29612] firebase-functions has been stubbed. {\"functionsResolution\":{\"declared\":true,\"installed\":true,\"version\":\"3.11.0\",\"resolution\":\"D:\\\\React\\\\amazon-clone\\\\functions\\\\node_modules\\\\firebase-functions\\\\lib\\\\index.js\"}}"}}
[debug] [2020-11-29T06:13:44.606Z] [runtime-status] [29612] Resolved module firebase-functions {"declared":true,"installed":true,"version":"3.11.0","resolution":"D:\\React\\amazon-clone\\functions\\node_modules\\firebase-functions\\lib\\index.js"} {"metadata":{"emulator":{"name":"functions"},"function":{"name":"api"},"message":"[runtime-status] [29612] Resolved module firebase-functions {\"declared\":true,\"installed\":true,\"version\":\"3.11.0\",\"resolution\":\"D:\\\\React\\\\amazon-clone\\\\functions\\\\node_modules\\\\firebase-functions\\\\lib\\\\index.js\"}"}}
[debug] [2020-11-29T06:13:44.608Z] [runtime-status] [29612] Resolved module firebase-admin {"declared":true,"installed":true,"version":"8.13.0","resolution":"D:\\React\\amazon-clone\\functions\\node_modules\\firebase-admin\\lib\\index.js"} {"metadata":{"emulator":{"name":"functions"},"function":{"name":"api"},"message":"[runtime-status] [29612] Resolved module firebase-admin {\"declared\":true,\"installed\":true,\"version\":\"8.13.0\",\"resolution\":\"D:\\\\React\\\\amazon-clone\\\\functions\\\\node_modules\\\\firebase-admin\\\\lib\\\\index.js\"}"}}
[debug] [2020-11-29T06:13:44.610Z] [runtime-status] [29612] Resolved module firebase-functions {"declared":true,"installed":true,"version":"3.11.0","resolution":"D:\\React\\amazon-clone\\functions\\node_modules\\firebase-functions\\lib\\index.js"} {"metadata":{"emulator":{"name":"functions"},"function":{"name":"api"},"message":"[runtime-status] [29612] Resolved module firebase-functions {\"declared\":true,\"installed\":true,\"version\":\"3.11.0\",\"resolution\":\"D:\\\\React\\\\amazon-clone\\\\functions\\\\node_modules\\\\firebase-functions\\\\lib\\\\index.js\"}"}}
[debug] [2020-11-29T06:13:44.611Z] [runtime-status] [29612] firebase-admin has been stubbed. {"adminResolution":{"declared":true,"installed":true,"version":"8.13.0","resolution":"D:\\React\\amazon-clone\\functions\\node_modules\\firebase-admin\\lib\\index.js"}} {"metadata":{"emulator":{"name":"functions"},"function":{"name":"api"},"message":"[runtime-status] [29612] firebase-admin has been stubbed. {\"adminResolution\":{\"declared\":true,\"installed\":true,\"version\":\"8.13.0\",\"resolution\":\"D:\\\\React\\\\amazon-clone\\\\functions\\\\node_modules\\\\firebase-admin\\\\lib\\\\index.js\"}}"}}
[debug] [2020-11-29T06:13:44.900Z] [runtime-status] [29612] Trigger "api" has been found, beginning invocation! {"metadata":{"emulator":{"name":"functions"},"function":{"name":"api"},"message":"[runtime-status] [29612] Trigger \"api\" has been found, beginning invocation!"}}
[info] i  functions: Beginning execution of "api" {"metadata":{"emulator":{"name":"functions"},"function":{"name":"api"},"message":"Beginning execution of \"api\""}}
[debug] [2020-11-29T06:13:44.903Z] [runtime-status] [29612] triggerDefinition {"httpsTrigger":{},"name":"api","entryPoint":"api"} {"metadata":{"emulator":{"name":"functions"},"function":{"name":"api"},"message":"[runtime-status] [29612] triggerDefinition {\"httpsTrigger\":{},\"name\":\"api\",\"entryPoint\":\"api\"}"}}
[debug] [2020-11-29T06:13:44.903Z] [runtime-status] [29612] Running api in mode HTTPS {"metadata":{"emulator":{"name":"functions"},"function":{"name":"api"},"message":"[runtime-status] [29612] Running api in mode HTTPS"}}
[debug] [2020-11-29T06:13:44.910Z] [runtime-status] [29612] Attempting to listen to socketPath: \\?\pipe\D:\React\amazon-clone\functions\29612 {"metadata":{"emulator":{"name":"functions"},"function":{"name":"api"},"message":"[runtime-status] [29612] Attempting to listen to socketPath: \\\\?\\pipe\\D:\\React\\amazon-clone\\functions\\29612"}}
[debug] [2020-11-29T06:13:44.916Z] [functions] Runtime ready! Sending request! {"metadata":{"emulator":{"name":"functions"},"message":"[functions] Runtime ready! Sending request!"}}
[debug] [2020-11-29T06:13:44.937Z] [runtime-status] [29612] Ephemeral server handling GET request {"metadata":{"emulator":{"name":"functions"},"function":{"name":"api"},"message":"[runtime-status] [29612] Ephemeral server handling GET request"}}
[debug] [2020-11-29T06:13:44.960Z] [runtime-status] [29612] Ephemeral server survived. {"metadata":{"emulator":{"name":"functions"},"function":{"name":"api"},"message":"[runtime-status] [29612] Ephemeral server survived."}}
[info] i  functions: Finished "api" in ~1s {"metadata":{"emulator":{"name":"functions"},"function":{"name":"api"},"message":"Finished \"api\" in ~1s"}}
[debug] [2020-11-29T06:13:44.966Z] [worker-api-c83981b8-9feb-4bec-999d-a6e22385c47b]: IDLE {"metadata":{"emulator":{"name":"functions"},"message":"[worker-api-c83981b8-9feb-4bec-999d-a6e22385c47b]: IDLE"}}
[debug] [2020-11-29T06:13:44.967Z] [work-queue] {"queueLength":0,"workRunningCount":0}
